[0.478s] Invoking command in '/home/tharindu/robotics/src/broadcaster_listener': PYTHONPATH=/home/tharindu/robotics/build/broadcaster_listener/prefix_override:/home/tharindu/robotics/install/broadcaster_listener/lib/python3.10/site-packages:${PYTHONPATH} /usr/bin/python3 setup.py egg_info --egg-base ../../build/broadcaster_listener build --build-base /home/tharindu/robotics/build/broadcaster_listener/build install --record /home/tharindu/robotics/build/broadcaster_listener/install.log --single-version-externally-managed
[0.643s] running egg_info
[0.644s] writing ../../build/broadcaster_listener/broadcaster_listener.egg-info/PKG-INFO
[0.644s] writing dependency_links to ../../build/broadcaster_listener/broadcaster_listener.egg-info/dependency_links.txt
[0.644s] writing entry points to ../../build/broadcaster_listener/broadcaster_listener.egg-info/entry_points.txt
[0.645s] writing requirements to ../../build/broadcaster_listener/broadcaster_listener.egg-info/requires.txt
[0.645s] writing top-level names to ../../build/broadcaster_listener/broadcaster_listener.egg-info/top_level.txt
[0.646s] reading manifest file '../../build/broadcaster_listener/broadcaster_listener.egg-info/SOURCES.txt'
[0.646s] adding license file 'LICENSE'
[0.647s] writing manifest file '../../build/broadcaster_listener/broadcaster_listener.egg-info/SOURCES.txt'
[0.647s] running build
[0.647s] running build_py
[0.647s] copying broadcaster_listener/fixed_frame_tf2_broadcaster.py -> /home/tharindu/robotics/build/broadcaster_listener/build/lib/broadcaster_listener
[0.648s] running install
[0.648s] /usr/lib/python3/dist-packages/setuptools/command/install.py:34: SetuptoolsDeprecationWarning: setup.py install is deprecated. Use build and pip and other standards-based tools.
[0.648s]   warnings.warn(
[0.648s] running install_lib
[0.649s] copying /home/tharindu/robotics/build/broadcaster_listener/build/lib/broadcaster_listener/fixed_frame_tf2_broadcaster.py -> /home/tharindu/robotics/install/broadcaster_listener/lib/python3.10/site-packages/broadcaster_listener
[0.649s] byte-compiling /home/tharindu/robotics/install/broadcaster_listener/lib/python3.10/site-packages/broadcaster_listener/fixed_frame_tf2_broadcaster.py to fixed_frame_tf2_broadcaster.cpython-310.pyc
[0.650s] running install_data
[0.650s] copying launch/turtle_tf2_fixed_frame_demo.launch.py -> /home/tharindu/robotics/install/broadcaster_listener/share/broadcaster_listener/launch
[0.651s] running install_egg_info
[0.652s] removing '/home/tharindu/robotics/install/broadcaster_listener/lib/python3.10/site-packages/broadcaster_listener-0.0.0-py3.10.egg-info' (and everything under it)
[0.652s] Copying ../../build/broadcaster_listener/broadcaster_listener.egg-info to /home/tharindu/robotics/install/broadcaster_listener/lib/python3.10/site-packages/broadcaster_listener-0.0.0-py3.10.egg-info
[0.653s] running install_scripts
[0.668s] Installing fixed_frame_tf2_broadcaster script to /home/tharindu/robotics/install/broadcaster_listener/lib/broadcaster_listener
[0.668s] Installing turtle_tf2_broadcaster script to /home/tharindu/robotics/install/broadcaster_listener/lib/broadcaster_listener
[0.668s] Installing turtle_tf2_listener script to /home/tharindu/robotics/install/broadcaster_listener/lib/broadcaster_listener
[0.669s] writing list of installed files to '/home/tharindu/robotics/build/broadcaster_listener/install.log'
[0.684s] Invoked command in '/home/tharindu/robotics/src/broadcaster_listener' returned '0': PYTHONPATH=/home/tharindu/robotics/build/broadcaster_listener/prefix_override:/home/tharindu/robotics/install/broadcaster_listener/lib/python3.10/site-packages:${PYTHONPATH} /usr/bin/python3 setup.py egg_info --egg-base ../../build/broadcaster_listener build --build-base /home/tharindu/robotics/build/broadcaster_listener/build install --record /home/tharindu/robotics/build/broadcaster_listener/install.log --single-version-externally-managed
