[0.506s] Invoking command in '/home/tharindu/robotics/src/broadcaster_listener': PYTHONPATH=/home/tharindu/robotics/build/broadcaster_listener/prefix_override:/home/tharindu/robotics/install/broadcaster_listener/lib/python3.10/site-packages:${PYTHONPATH} /usr/bin/python3 setup.py egg_info --egg-base ../../build/broadcaster_listener build --build-base /home/tharindu/robotics/build/broadcaster_listener/build install --record /home/tharindu/robotics/build/broadcaster_listener/install.log --single-version-externally-managed
[0.671s] running egg_info
[0.672s] writing ../../build/broadcaster_listener/broadcaster_listener.egg-info/PKG-INFO
[0.672s] writing dependency_links to ../../build/broadcaster_listener/broadcaster_listener.egg-info/dependency_links.txt
[0.672s] writing entry points to ../../build/broadcaster_listener/broadcaster_listener.egg-info/entry_points.txt
[0.672s] writing requirements to ../../build/broadcaster_listener/broadcaster_listener.egg-info/requires.txt
[0.672s] writing top-level names to ../../build/broadcaster_listener/broadcaster_listener.egg-info/top_level.txt
[0.674s] reading manifest file '../../build/broadcaster_listener/broadcaster_listener.egg-info/SOURCES.txt'
[0.674s] adding license file 'LICENSE'
[0.674s] writing manifest file '../../build/broadcaster_listener/broadcaster_listener.egg-info/SOURCES.txt'
[0.675s] running build
[0.675s] running build_py
[0.675s] copying broadcaster_listener/dynamic_frame_tf2_broadcaster.py -> /home/tharindu/robotics/build/broadcaster_listener/build/lib/broadcaster_listener
[0.675s] copying broadcaster_listener/turtle_tf2_dynamic_frame_demo.launch.py -> /home/tharindu/robotics/build/broadcaster_listener/build/lib/broadcaster_listener
[0.675s] running install
[0.675s] /usr/lib/python3/dist-packages/setuptools/command/install.py:34: SetuptoolsDeprecationWarning: setup.py install is deprecated. Use build and pip and other standards-based tools.
[0.676s]   warnings.warn(
[0.676s] running install_lib
[0.676s] copying /home/tharindu/robotics/build/broadcaster_listener/build/lib/broadcaster_listener/dynamic_frame_tf2_broadcaster.py -> /home/tharindu/robotics/install/broadcaster_listener/lib/python3.10/site-packages/broadcaster_listener
[0.676s] copying /home/tharindu/robotics/build/broadcaster_listener/build/lib/broadcaster_listener/turtle_tf2_dynamic_frame_demo.launch.py -> /home/tharindu/robotics/install/broadcaster_listener/lib/python3.10/site-packages/broadcaster_listener
[0.676s] byte-compiling /home/tharindu/robotics/install/broadcaster_listener/lib/python3.10/site-packages/broadcaster_listener/dynamic_frame_tf2_broadcaster.py to dynamic_frame_tf2_broadcaster.cpython-310.pyc
[0.677s] byte-compiling /home/tharindu/robotics/install/broadcaster_listener/lib/python3.10/site-packages/broadcaster_listener/turtle_tf2_dynamic_frame_demo.launch.py to turtle_tf2_dynamic_frame_demo.launch.cpython-310.pyc
[0.677s] running install_data
[0.677s] running install_egg_info
[0.678s] removing '/home/tharindu/robotics/install/broadcaster_listener/lib/python3.10/site-packages/broadcaster_listener-0.0.0-py3.10.egg-info' (and everything under it)
[0.679s] Copying ../../build/broadcaster_listener/broadcaster_listener.egg-info to /home/tharindu/robotics/install/broadcaster_listener/lib/python3.10/site-packages/broadcaster_listener-0.0.0-py3.10.egg-info
[0.679s] running install_scripts
[0.693s] Installing dynamic_frame_tf2_broadcaster script to /home/tharindu/robotics/install/broadcaster_listener/lib/broadcaster_listener
[0.693s] Installing fixed_frame_tf2_broadcaster script to /home/tharindu/robotics/install/broadcaster_listener/lib/broadcaster_listener
[0.693s] Installing turtle_tf2_broadcaster script to /home/tharindu/robotics/install/broadcaster_listener/lib/broadcaster_listener
[0.694s] Installing turtle_tf2_listener script to /home/tharindu/robotics/install/broadcaster_listener/lib/broadcaster_listener
[0.694s] writing list of installed files to '/home/tharindu/robotics/build/broadcaster_listener/install.log'
[0.709s] Invoked command in '/home/tharindu/robotics/src/broadcaster_listener' returned '0': PYTHONPATH=/home/tharindu/robotics/build/broadcaster_listener/prefix_override:/home/tharindu/robotics/install/broadcaster_listener/lib/python3.10/site-packages:${PYTHONPATH} /usr/bin/python3 setup.py egg_info --egg-base ../../build/broadcaster_listener build --build-base /home/tharindu/robotics/build/broadcaster_listener/build install --record /home/tharindu/robotics/build/broadcaster_listener/install.log --single-version-externally-managed
