[0.474s] Invoking command in '/home/tharindu/robotics/src/broadcaster_listener': PYTHONPATH=/home/tharindu/robotics/build/broadcaster_listener/prefix_override:/home/tharindu/robotics/install/broadcaster_listener/lib/python3.10/site-packages:${PYTHONPATH} /usr/bin/python3 setup.py egg_info --egg-base ../../build/broadcaster_listener build --build-base /home/tharindu/robotics/build/broadcaster_listener/build install --record /home/tharindu/robotics/build/broadcaster_listener/install.log --single-version-externally-managed
[0.650s] running egg_info
[0.650s] writing ../../build/broadcaster_listener/broadcaster_listener.egg-info/PKG-INFO
[0.650s] writing dependency_links to ../../build/broadcaster_listener/broadcaster_listener.egg-info/dependency_links.txt
[0.650s] writing entry points to ../../build/broadcaster_listener/broadcaster_listener.egg-info/entry_points.txt
[0.651s] writing requirements to ../../build/broadcaster_listener/broadcaster_listener.egg-info/requires.txt
[0.651s] writing top-level names to ../../build/broadcaster_listener/broadcaster_listener.egg-info/top_level.txt
[0.652s] reading manifest file '../../build/broadcaster_listener/broadcaster_listener.egg-info/SOURCES.txt'
[0.652s] adding license file 'LICENSE'
[0.653s] writing manifest file '../../build/broadcaster_listener/broadcaster_listener.egg-info/SOURCES.txt'
[0.653s] running build
[0.653s] running build_py
[0.653s] copying broadcaster_listener/turtle_tf2_listener.py -> /home/tharindu/robotics/build/broadcaster_listener/build/lib/broadcaster_listener
[0.653s] running install
[0.653s] /usr/lib/python3/dist-packages/setuptools/command/install.py:34: SetuptoolsDeprecationWarning: setup.py install is deprecated. Use build and pip and other standards-based tools.
[0.654s]   warnings.warn(
[0.654s] running install_lib
[0.654s] copying /home/tharindu/robotics/build/broadcaster_listener/build/lib/broadcaster_listener/turtle_tf2_listener.py -> /home/tharindu/robotics/install/broadcaster_listener/lib/python3.10/site-packages/broadcaster_listener
[0.654s] byte-compiling /home/tharindu/robotics/install/broadcaster_listener/lib/python3.10/site-packages/broadcaster_listener/turtle_tf2_listener.py to turtle_tf2_listener.cpython-310.pyc
[0.655s] running install_data
[0.655s] copying launch/turtle_tf2_demo.launch.py -> /home/tharindu/robotics/install/broadcaster_listener/share/broadcaster_listener/launch
[0.655s] running install_egg_info
[0.656s] removing '/home/tharindu/robotics/install/broadcaster_listener/lib/python3.10/site-packages/broadcaster_listener-0.0.0-py3.10.egg-info' (and everything under it)
[0.657s] Copying ../../build/broadcaster_listener/broadcaster_listener.egg-info to /home/tharindu/robotics/install/broadcaster_listener/lib/python3.10/site-packages/broadcaster_listener-0.0.0-py3.10.egg-info
[0.657s] running install_scripts
[0.673s] Installing turtle_tf2_broadcaster script to /home/tharindu/robotics/install/broadcaster_listener/lib/broadcaster_listener
[0.673s] Installing turtle_tf2_listener script to /home/tharindu/robotics/install/broadcaster_listener/lib/broadcaster_listener
[0.673s] writing list of installed files to '/home/tharindu/robotics/build/broadcaster_listener/install.log'
[0.688s] Invoked command in '/home/tharindu/robotics/src/broadcaster_listener' returned '0': PYTHONPATH=/home/tharindu/robotics/build/broadcaster_listener/prefix_override:/home/tharindu/robotics/install/broadcaster_listener/lib/python3.10/site-packages:${PYTHONPATH} /usr/bin/python3 setup.py egg_info --egg-base ../../build/broadcaster_listener build --build-base /home/tharindu/robotics/build/broadcaster_listener/build install --record /home/tharindu/robotics/build/broadcaster_listener/install.log --single-version-externally-managed
